<?xml version="1.0" encoding="UTF-8"?>
<!-- Generated by org.testng.reporters.JUnitReportReporter -->
<testsuite hostname="umanimita" failures="0" tests="3" name="testcases.TestCasesForApi" time="31.351" errors="0" timestamp="2022-06-23T21:37:08 IST" skipped="0">
  <testcase classname="testcases.TestCasesForApi" name="createAccount" time="29.377"/>
  <system-out/>
  <testcase classname="testcases.TestCasesForApi" name="updateAccount" time="1.110"/>
  <system-out/>
  <testcase classname="testcases.TestCasesForApi" name="deleteAccount" time="0.864"/>
  <system-out/>
</testsuite> <!-- testcases.TestCasesForApi -->
