<?xml version="1.0" encoding="UTF-8"?>
<!-- Generated by org.testng.reporters.JUnitReportReporter -->
<testsuite hostname="umanimita" failures="0" tests="3" name="com.automationexercise.specification.TestCasesForApi" time="7.058" errors="0" timestamp="2022-06-24T00:46:23 IST" skipped="0">
  <testcase classname="com.automationexercise.specification.TestCasesForApi" name="createAccount" time="5.691"/>
  <system-out>
Account Created Successfully  </system-out>
  <testcase classname="com.automationexercise.specification.TestCasesForApi" name="updateAccount" time="0.909"/>
  <system-out>
Account Updated Successfully  </system-out>
  <testcase classname="com.automationexercise.specification.TestCasesForApi" name="deleteAccount" time="0.458"/>
  <system-out>
Account Deleted Successfully  </system-out>
</testsuite> <!-- com.automationexercise.specification.TestCasesForApi -->
