<?xml version="1.0" encoding="UTF-8"?>
<!-- Generated by org.testng.reporters.JUnitReportReporter -->
<testsuite hostname="umanimita" failures="0" tests="3" name="testcases.TestCasesForApi" time="7.587" errors="0" timestamp="2022-06-22T21:13:49 IST" skipped="0">
  <testcase classname="testcases.TestCasesForApi" name="createAccount" time="5.826"/>
  <system-out/>
  <testcase classname="testcases.TestCasesForApi" name="updateAccount" time="0.926"/>
  <system-out/>
  <testcase classname="testcases.TestCasesForApi" name="deleteAccount" time="0.835"/>
  <system-out/>
</testsuite> <!-- testcases.TestCasesForApi -->
