<?xml version="1.0" encoding="UTF-8"?>
<!-- Generated by org.testng.reporters.JUnitReportReporter -->
<testsuite hostname="umanimita" failures="0" tests="3" name="com.automationexercise.specification.TestCasesForApi" time="6.719" errors="0" timestamp="2022-06-24T00:45:08 IST" skipped="0">
  <testcase classname="com.automationexercise.specification.TestCasesForApi" name="createAccount" time="5.381"/>
  <system-out>
Account Created Successfully  </system-out>
  <testcase classname="com.automationexercise.specification.TestCasesForApi" name="updateAccount" time="0.967"/>
  <system-out>
Account Updated Successfully  </system-out>
  <testcase classname="com.automationexercise.specification.TestCasesForApi" name="deleteAccount" time="0.371"/>
  <system-out>
Account Deleted Successfully  </system-out>
</testsuite> <!-- com.automationexercise.specification.TestCasesForApi -->
